{"C:\\Users\\Inbar\\OneDrive\\Documents\\School\\Boot Camp\\Main Course\\url shortner\\app.js": {"path":"C:\\Users\\Inbar\\OneDrive\\Documents\\School\\Boot Camp\\Main Course\\url shortner\\app.js","statementMap":{"0":{"start":{"line":1,"column":0},"end":{"line":1,"column":27}},"1":{"start":{"line":2,"column":16},"end":{"line":2,"column":34}},"2":{"start":{"line":3,"column":13},"end":{"line":3,"column":28}},"3":{"start":{"line":4,"column":12},"end":{"line":4,"column":21}},"4":{"start":{"line":5,"column":12},"end":{"line":5,"column":28}},"5":{"start":{"line":6,"column":19},"end":{"line":6,"column":41}},"6":{"start":{"line":7,"column":25},"end":{"line":7,"column":66}},"7":{"start":{"line":10,"column":0},"end":{"line":10,"column":30}},"8":{"start":{"line":13,"column":0},"end":{"line":13,"column":16}},"9":{"start":{"line":14,"column":0},"end":{"line":14,"column":47}},"10":{"start":{"line":17,"column":0},"end":{"line":30,"column":3}},"11":{"start":{"line":18,"column":17},"end":{"line":18,"column":30}},"12":{"start":{"line":19,"column":2},"end":{"line":28,"column":3}},"13":{"start":{"line":20,"column":16},"end":{"line":20,"column":30}},"14":{"start":{"line":21,"column":4},"end":{"line":27,"column":5}},"15":{"start":{"line":22,"column":22},"end":{"line":23,"column":13}},"16":{"start":{"line":24,"column":6},"end":{"line":24,"column":52}},"17":{"start":{"line":26,"column":6},"end":{"line":26,"column":25}},"18":{"start":{"line":32,"column":0},"end":{"line":32,"column":21}},"19":{"start":{"line":35,"column":0},"end":{"line":35,"column":21}}},"fnMap":{"0":{"name":"(anonymous_0)","decl":{"start":{"line":17,"column":27},"end":{"line":17,"column":28}},"loc":{"start":{"line":17,"column":47},"end":{"line":30,"column":1}},"line":17}},"branchMap":{"0":{"loc":{"start":{"line":19,"column":2},"end":{"line":28,"column":3}},"type":"if","locations":[{"start":{"line":19,"column":2},"end":{"line":28,"column":3}},{"start":{"line":19,"column":2},"end":{"line":28,"column":3}}],"line":19},"1":{"loc":{"start":{"line":19,"column":6},"end":{"line":19,"column":31}},"type":"binary-expr","locations":[{"start":{"line":19,"column":6},"end":{"line":19,"column":20}},{"start":{"line":19,"column":24},"end":{"line":19,"column":31}}],"line":19}},"s":{"0":1,"1":1,"2":1,"3":1,"4":1,"5":1,"6":1,"7":1,"8":1,"9":1,"10":1,"11":0,"12":0,"13":0,"14":0,"15":0,"16":0,"17":0,"18":1,"19":1},"f":{"0":0},"b":{"0":[0,0],"1":[0,0]},"_coverageSchema":"1a1c01bbd47fc00a2c39e90264f33305004495a9","hash":"1f54488767d11522a95face9cf48cc8077f9b084"}
,"C:\\Users\\Inbar\\OneDrive\\Documents\\School\\Boot Camp\\Main Course\\url shortner\\api\\index.js": {"path":"C:\\Users\\Inbar\\OneDrive\\Documents\\School\\Boot Camp\\Main Course\\url shortner\\api\\index.js","statementMap":{"0":{"start":{"line":1,"column":19},"end":{"line":1,"column":37}},"1":{"start":{"line":2,"column":17},"end":{"line":2,"column":38}},"2":{"start":{"line":3,"column":19},"end":{"line":3,"column":42}},"3":{"start":{"line":5,"column":12},"end":{"line":5,"column":20}},"4":{"start":{"line":7,"column":0},"end":{"line":7,"column":31}},"5":{"start":{"line":8,"column":0},"end":{"line":8,"column":35}},"6":{"start":{"line":10,"column":0},"end":{"line":13,"column":3}},"7":{"start":{"line":11,"column":2},"end":{"line":11,"column":34}},"8":{"start":{"line":12,"column":2},"end":{"line":12,"column":51}},"9":{"start":{"line":15,"column":0},"end":{"line":15,"column":21}}},"fnMap":{"0":{"name":"(anonymous_0)","decl":{"start":{"line":10,"column":13},"end":{"line":10,"column":14}},"loc":{"start":{"line":10,"column":40},"end":{"line":13,"column":1}},"line":10}},"branchMap":{"0":{"loc":{"start":{"line":11,"column":13},"end":{"line":11,"column":32}},"type":"binary-expr","locations":[{"start":{"line":11,"column":13},"end":{"line":11,"column":25}},{"start":{"line":11,"column":29},"end":{"line":11,"column":32}}],"line":11}},"s":{"0":1,"1":1,"2":1,"3":1,"4":1,"5":1,"6":1,"7":0,"8":0,"9":1},"f":{"0":0},"b":{"0":[0,0]},"_coverageSchema":"1a1c01bbd47fc00a2c39e90264f33305004495a9","hash":"8eef4b5dc08cab47b7e1dbd911a6ece649516630"}
,"C:\\Users\\Inbar\\OneDrive\\Documents\\School\\Boot Camp\\Main Course\\url shortner\\api\\shorturl.js": {"path":"C:\\Users\\Inbar\\OneDrive\\Documents\\School\\Boot Camp\\Main Course\\url shortner\\api\\shorturl.js","statementMap":{"0":{"start":{"line":2,"column":16},"end":{"line":2,"column":34}},"1":{"start":{"line":3,"column":19},"end":{"line":3,"column":41}},"2":{"start":{"line":4,"column":21},"end":{"line":4,"column":74}},"3":{"start":{"line":5,"column":18},"end":{"line":5,"column":38}},"4":{"start":{"line":6,"column":12},"end":{"line":6,"column":29}},"5":{"start":{"line":9,"column":25},"end":{"line":9,"column":66}},"6":{"start":{"line":12,"column":15},"end":{"line":12,"column":31}},"7":{"start":{"line":15,"column":0},"end":{"line":19,"column":2}},"8":{"start":{"line":22,"column":0},"end":{"line":22,"column":62}},"9":{"start":{"line":24,"column":2},"end":{"line":31,"column":3}},"10":{"start":{"line":25,"column":4},"end":{"line":25,"column":31}},"11":{"start":{"line":26,"column":4},"end":{"line":26,"column":11}},"12":{"start":{"line":28,"column":18},"end":{"line":28,"column":57}},"13":{"start":{"line":29,"column":4},"end":{"line":29,"column":23}},"14":{"start":{"line":30,"column":4},"end":{"line":30,"column":16}},"15":{"start":{"line":34,"column":2},"end":{"line":48,"column":3}},"16":{"start":{"line":35,"column":18},"end":{"line":35,"column":73}},"17":{"start":{"line":36,"column":4},"end":{"line":45,"column":5}},"18":{"start":{"line":36,"column":40},"end":{"line":36,"column":71}},"19":{"start":{"line":37,"column":6},"end":{"line":37,"column":28}},"20":{"start":{"line":38,"column":6},"end":{"line":38,"column":13}},"21":{"start":{"line":40,"column":20},"end":{"line":42,"column":7}},"22":{"start":{"line":43,"column":6},"end":{"line":43,"column":25}},"23":{"start":{"line":44,"column":6},"end":{"line":44,"column":18}},"24":{"start":{"line":47,"column":4},"end":{"line":47,"column":16}},"25":{"start":{"line":51,"column":21},"end":{"line":51,"column":51}},"26":{"start":{"line":52,"column":18},"end":{"line":52,"column":37}},"27":{"start":{"line":53,"column":2},"end":{"line":64,"column":3}},"28":{"start":{"line":54,"column":4},"end":{"line":54,"column":38}},"29":{"start":{"line":55,"column":4},"end":{"line":58,"column":6}},"30":{"start":{"line":59,"column":4},"end":{"line":59,"column":20}},"31":{"start":{"line":60,"column":4},"end":{"line":60,"column":55}},"32":{"start":{"line":62,"column":4},"end":{"line":62,"column":23}},"33":{"start":{"line":63,"column":4},"end":{"line":63,"column":16}},"34":{"start":{"line":68,"column":0},"end":{"line":68,"column":24}}},"fnMap":{"0":{"name":"urlValidator","decl":{"start":{"line":23,"column":9},"end":{"line":23,"column":21}},"loc":{"start":{"line":23,"column":38},"end":{"line":32,"column":1}},"line":23},"1":{"name":"allReadyCreated","decl":{"start":{"line":33,"column":15},"end":{"line":33,"column":30}},"loc":{"start":{"line":33,"column":47},"end":{"line":49,"column":1}},"line":33},"2":{"name":"(anonymous_2)","decl":{"start":{"line":36,"column":27},"end":{"line":36,"column":28}},"loc":{"start":{"line":36,"column":40},"end":{"line":36,"column":71}},"line":36},"3":{"name":"addNewUrl","decl":{"start":{"line":50,"column":15},"end":{"line":50,"column":24}},"loc":{"start":{"line":50,"column":41},"end":{"line":65,"column":1}},"line":50}},"branchMap":{"0":{"loc":{"start":{"line":24,"column":2},"end":{"line":31,"column":3}},"type":"if","locations":[{"start":{"line":24,"column":2},"end":{"line":31,"column":3}},{"start":{"line":24,"column":2},"end":{"line":31,"column":3}}],"line":24},"1":{"loc":{"start":{"line":36,"column":4},"end":{"line":45,"column":5}},"type":"if","locations":[{"start":{"line":36,"column":4},"end":{"line":45,"column":5}},{"start":{"line":36,"column":4},"end":{"line":45,"column":5}}],"line":36}},"s":{"0":1,"1":1,"2":1,"3":1,"4":1,"5":1,"6":1,"7":1,"8":1,"9":0,"10":0,"11":0,"12":0,"13":0,"14":0,"15":0,"16":0,"17":0,"18":0,"19":0,"20":0,"21":0,"22":0,"23":0,"24":0,"25":0,"26":0,"27":0,"28":0,"29":0,"30":0,"31":0,"32":0,"33":0,"34":1},"f":{"0":0,"1":0,"2":0,"3":0},"b":{"0":[0,0],"1":[0,0]},"_coverageSchema":"1a1c01bbd47fc00a2c39e90264f33305004495a9","hash":"df8ef82f2e73b4de9eeeb7e26f7ea61d1cb2d243"}
,"C:\\Users\\Inbar\\OneDrive\\Documents\\School\\Boot Camp\\Main Course\\url shortner\\api\\statistics.js": {"path":"C:\\Users\\Inbar\\OneDrive\\Documents\\School\\Boot Camp\\Main Course\\url shortner\\api\\statistics.js","statementMap":{"0":{"start":{"line":1,"column":16},"end":{"line":1,"column":34}},"1":{"start":{"line":2,"column":11},"end":{"line":2,"column":24}},"2":{"start":{"line":3,"column":15},"end":{"line":3,"column":31}},"3":{"start":{"line":5,"column":0},"end":{"line":7,"column":3}},"4":{"start":{"line":9,"column":0},"end":{"line":11,"column":3}},"5":{"start":{"line":13,"column":0},"end":{"line":13,"column":24}}},"fnMap":{"0":{"name":"(anonymous_0)","decl":{"start":{"line":5,"column":16},"end":{"line":5,"column":17}},"loc":{"start":{"line":5,"column":27},"end":{"line":7,"column":1}},"line":5},"1":{"name":"(anonymous_1)","decl":{"start":{"line":9,"column":28},"end":{"line":9,"column":29}},"loc":{"start":{"line":9,"column":39},"end":{"line":11,"column":1}},"line":9}},"branchMap":{},"s":{"0":1,"1":1,"2":1,"3":1,"4":1,"5":1},"f":{"0":0,"1":0},"b":{},"_coverageSchema":"1a1c01bbd47fc00a2c39e90264f33305004495a9","hash":"a5115f16f0b30e432a83956d0f712fe4f34bda0f"}
,"C:\\Users\\Inbar\\OneDrive\\Documents\\School\\Boot Camp\\Main Course\\url shortner\\templates\\urlDataTemplate.js": {"path":"C:\\Users\\Inbar\\OneDrive\\Documents\\School\\Boot Camp\\Main Course\\url shortner\\templates\\urlDataTemplate.js","statementMap":{"0":{"start":{"line":1,"column":16},"end":{"line":1,"column":34}},"1":{"start":{"line":4,"column":4},"end":{"line":4,"column":23}},"2":{"start":{"line":5,"column":4},"end":{"line":5,"column":39}},"3":{"start":{"line":6,"column":4},"end":{"line":6,"column":24}},"4":{"start":{"line":7,"column":4},"end":{"line":7,"column":34}},"5":{"start":{"line":11,"column":0},"end":{"line":11,"column":34}}},"fnMap":{"0":{"name":"(anonymous_0)","decl":{"start":{"line":3,"column":2},"end":{"line":3,"column":3}},"loc":{"start":{"line":3,"column":19},"end":{"line":8,"column":3}},"line":3}},"branchMap":{},"s":{"0":1,"1":0,"2":0,"3":0,"4":0,"5":1},"f":{"0":0},"b":{},"_coverageSchema":"1a1c01bbd47fc00a2c39e90264f33305004495a9","hash":"7e96a7a024ddaf0752bd1a59f0a253d5f7f3454c"}
}
