{"C:\\Users\\Inbar\\OneDrive\\Documents\\School\\Boot Camp\\Main Course\\url shortner\\app.js": {"path":"C:\\Users\\Inbar\\OneDrive\\Documents\\School\\Boot Camp\\Main Course\\url shortner\\app.js","statementMap":{"0":{"start":{"line":1,"column":0},"end":{"line":1,"column":27}},"1":{"start":{"line":2,"column":13},"end":{"line":2,"column":28}},"2":{"start":{"line":3,"column":19},"end":{"line":3,"column":41}},"3":{"start":{"line":5,"column":16},"end":{"line":5,"column":34}},"4":{"start":{"line":6,"column":12},"end":{"line":6,"column":21}},"5":{"start":{"line":7,"column":12},"end":{"line":7,"column":28}},"6":{"start":{"line":9,"column":27},"end":{"line":9,"column":81}},"7":{"start":{"line":13,"column":2},"end":{"line":15,"column":47}},"8":{"start":{"line":16,"column":26},"end":{"line":16,"column":68}},"9":{"start":{"line":19,"column":0},"end":{"line":19,"column":30}},"10":{"start":{"line":22,"column":0},"end":{"line":22,"column":16}},"11":{"start":{"line":23,"column":0},"end":{"line":23,"column":47}},"12":{"start":{"line":26,"column":0},"end":{"line":44,"column":3}},"13":{"start":{"line":27,"column":17},"end":{"line":27,"column":30}},"14":{"start":{"line":28,"column":2},"end":{"line":43,"column":3}},"15":{"start":{"line":29,"column":16},"end":{"line":29,"column":30}},"16":{"start":{"line":30,"column":4},"end":{"line":42,"column":5}},"17":{"start":{"line":31,"column":21},"end":{"line":35,"column":7}},"18":{"start":{"line":37,"column":6},"end":{"line":37,"column":32}},"19":{"start":{"line":38,"column":22},"end":{"line":38,"column":53}},"20":{"start":{"line":39,"column":6},"end":{"line":39,"column":52}},"21":{"start":{"line":41,"column":6},"end":{"line":41,"column":68}},"22":{"start":{"line":46,"column":0},"end":{"line":46,"column":21}},"23":{"start":{"line":48,"column":0},"end":{"line":48,"column":21}}},"fnMap":{"0":{"name":"(anonymous_0)","decl":{"start":{"line":26,"column":27},"end":{"line":26,"column":28}},"loc":{"start":{"line":26,"column":47},"end":{"line":44,"column":1}},"line":26}},"branchMap":{"0":{"loc":{"start":{"line":13,"column":2},"end":{"line":15,"column":47}},"type":"cond-expr","locations":[{"start":{"line":14,"column":6},"end":{"line":14,"column":52}},{"start":{"line":15,"column":6},"end":{"line":15,"column":47}}],"line":13},"1":{"loc":{"start":{"line":28,"column":2},"end":{"line":43,"column":3}},"type":"if","locations":[{"start":{"line":28,"column":2},"end":{"line":43,"column":3}},{"start":{"line":28,"column":2},"end":{"line":43,"column":3}}],"line":28},"2":{"loc":{"start":{"line":28,"column":6},"end":{"line":28,"column":31}},"type":"binary-expr","locations":[{"start":{"line":28,"column":6},"end":{"line":28,"column":20}},{"start":{"line":28,"column":24},"end":{"line":28,"column":31}}],"line":28},"3":{"loc":{"start":{"line":38,"column":22},"end":{"line":38,"column":53}},"type":"binary-expr","locations":[{"start":{"line":38,"column":22},"end":{"line":38,"column":47}},{"start":{"line":38,"column":51},"end":{"line":38,"column":53}}],"line":38}},"s":{"0":1,"1":1,"2":1,"3":1,"4":1,"5":1,"6":1,"7":1,"8":1,"9":1,"10":1,"11":1,"12":1,"13":0,"14":0,"15":0,"16":0,"17":0,"18":0,"19":0,"20":0,"21":0,"22":1,"23":1},"f":{"0":0},"b":{"0":[1,0],"1":[0,0],"2":[0,0],"3":[0,0]},"_coverageSchema":"1a1c01bbd47fc00a2c39e90264f33305004495a9","hash":"1490918607114f164956fe9b399f62a6eb997c1b"}
,"C:\\Users\\Inbar\\OneDrive\\Documents\\School\\Boot Camp\\Main Course\\url shortner\\api\\index.js": {"path":"C:\\Users\\Inbar\\OneDrive\\Documents\\School\\Boot Camp\\Main Course\\url shortner\\api\\index.js","statementMap":{"0":{"start":{"line":1,"column":19},"end":{"line":1,"column":37}},"1":{"start":{"line":2,"column":17},"end":{"line":2,"column":38}},"2":{"start":{"line":3,"column":19},"end":{"line":3,"column":42}},"3":{"start":{"line":5,"column":12},"end":{"line":5,"column":20}},"4":{"start":{"line":7,"column":0},"end":{"line":7,"column":31}},"5":{"start":{"line":8,"column":0},"end":{"line":8,"column":35}},"6":{"start":{"line":10,"column":0},"end":{"line":13,"column":3}},"7":{"start":{"line":11,"column":2},"end":{"line":11,"column":34}},"8":{"start":{"line":12,"column":2},"end":{"line":12,"column":51}},"9":{"start":{"line":15,"column":0},"end":{"line":15,"column":21}}},"fnMap":{"0":{"name":"(anonymous_0)","decl":{"start":{"line":10,"column":13},"end":{"line":10,"column":14}},"loc":{"start":{"line":10,"column":40},"end":{"line":13,"column":1}},"line":10}},"branchMap":{"0":{"loc":{"start":{"line":11,"column":13},"end":{"line":11,"column":32}},"type":"binary-expr","locations":[{"start":{"line":11,"column":13},"end":{"line":11,"column":25}},{"start":{"line":11,"column":29},"end":{"line":11,"column":32}}],"line":11}},"s":{"0":1,"1":1,"2":1,"3":1,"4":1,"5":1,"6":1,"7":1,"8":1,"9":1},"f":{"0":1},"b":{"0":[1,1]},"_coverageSchema":"1a1c01bbd47fc00a2c39e90264f33305004495a9","hash":"8eef4b5dc08cab47b7e1dbd911a6ece649516630"}
,"C:\\Users\\Inbar\\OneDrive\\Documents\\School\\Boot Camp\\Main Course\\url shortner\\api\\shorturl.js": {"path":"C:\\Users\\Inbar\\OneDrive\\Documents\\School\\Boot Camp\\Main Course\\url shortner\\api\\shorturl.js","statementMap":{"0":{"start":{"line":2,"column":16},"end":{"line":2,"column":34}},"1":{"start":{"line":3,"column":19},"end":{"line":3,"column":41}},"2":{"start":{"line":4,"column":18},"end":{"line":4,"column":38}},"3":{"start":{"line":5,"column":12},"end":{"line":5,"column":43}},"4":{"start":{"line":6,"column":27},"end":{"line":6,"column":81}},"5":{"start":{"line":10,"column":2},"end":{"line":12,"column":47}},"6":{"start":{"line":13,"column":26},"end":{"line":13,"column":68}},"7":{"start":{"line":15,"column":15},"end":{"line":15,"column":31}},"8":{"start":{"line":18,"column":0},"end":{"line":22,"column":2}},"9":{"start":{"line":25,"column":0},"end":{"line":25,"column":53}},"10":{"start":{"line":27,"column":2},"end":{"line":34,"column":3}},"11":{"start":{"line":28,"column":4},"end":{"line":28,"column":31}},"12":{"start":{"line":29,"column":4},"end":{"line":29,"column":11}},"13":{"start":{"line":31,"column":18},"end":{"line":31,"column":57}},"14":{"start":{"line":32,"column":4},"end":{"line":32,"column":23}},"15":{"start":{"line":33,"column":4},"end":{"line":33,"column":16}},"16":{"start":{"line":37,"column":17},"end":{"line":41,"column":3}},"17":{"start":{"line":43,"column":2},"end":{"line":59,"column":3}},"18":{"start":{"line":44,"column":4},"end":{"line":44,"column":30}},"19":{"start":{"line":45,"column":4},"end":{"line":45,"column":28}},"20":{"start":{"line":46,"column":17},"end":{"line":46,"column":49}},"21":{"start":{"line":47,"column":4},"end":{"line":56,"column":5}},"22":{"start":{"line":48,"column":6},"end":{"line":48,"column":46}},"23":{"start":{"line":49,"column":6},"end":{"line":49,"column":13}},"24":{"start":{"line":51,"column":20},"end":{"line":53,"column":7}},"25":{"start":{"line":54,"column":6},"end":{"line":54,"column":25}},"26":{"start":{"line":55,"column":6},"end":{"line":55,"column":18}},"27":{"start":{"line":58,"column":4},"end":{"line":58,"column":16}},"28":{"start":{"line":63,"column":2},"end":{"line":70,"column":3}},"29":{"start":{"line":64,"column":4},"end":{"line":64,"column":36}},"30":{"start":{"line":65,"column":4},"end":{"line":65,"column":28}},"31":{"start":{"line":66,"column":4},"end":{"line":66,"column":20}},"32":{"start":{"line":67,"column":4},"end":{"line":67,"column":58}},"33":{"start":{"line":69,"column":4},"end":{"line":69,"column":16}},"34":{"start":{"line":74,"column":0},"end":{"line":74,"column":24}}},"fnMap":{"0":{"name":"validateUrl","decl":{"start":{"line":26,"column":9},"end":{"line":26,"column":20}},"loc":{"start":{"line":26,"column":37},"end":{"line":35,"column":1}},"line":26},"1":{"name":"addUrl","decl":{"start":{"line":36,"column":15},"end":{"line":36,"column":21}},"loc":{"start":{"line":36,"column":38},"end":{"line":60,"column":1}},"line":36},"2":{"name":"uploadData","decl":{"start":{"line":62,"column":15},"end":{"line":62,"column":25}},"loc":{"start":{"line":62,"column":42},"end":{"line":71,"column":1}},"line":62}},"branchMap":{"0":{"loc":{"start":{"line":10,"column":2},"end":{"line":12,"column":47}},"type":"cond-expr","locations":[{"start":{"line":11,"column":6},"end":{"line":11,"column":52}},{"start":{"line":12,"column":6},"end":{"line":12,"column":47}}],"line":10},"1":{"loc":{"start":{"line":27,"column":2},"end":{"line":34,"column":3}},"type":"if","locations":[{"start":{"line":27,"column":2},"end":{"line":34,"column":3}},{"start":{"line":27,"column":2},"end":{"line":34,"column":3}}],"line":27},"2":{"loc":{"start":{"line":47,"column":4},"end":{"line":56,"column":5}},"type":"if","locations":[{"start":{"line":47,"column":4},"end":{"line":56,"column":5}},{"start":{"line":47,"column":4},"end":{"line":56,"column":5}}],"line":47}},"s":{"0":1,"1":1,"2":1,"3":1,"4":1,"5":1,"6":1,"7":1,"8":1,"9":1,"10":1,"11":0,"12":0,"13":0,"14":0,"15":0,"16":0,"17":0,"18":0,"19":0,"20":0,"21":0,"22":0,"23":0,"24":0,"25":0,"26":0,"27":0,"28":0,"29":0,"30":0,"31":0,"32":0,"33":0,"34":1},"f":{"0":1,"1":0,"2":0},"b":{"0":[1,0],"1":[0,0],"2":[0,0]},"_coverageSchema":"1a1c01bbd47fc00a2c39e90264f33305004495a9","hash":"0b94c12284bb9ce555e5edbc39634806370547a5"}
,"C:\\Users\\Inbar\\OneDrive\\Documents\\School\\Boot Camp\\Main Course\\url shortner\\api\\statistics.js": {"path":"C:\\Users\\Inbar\\OneDrive\\Documents\\School\\Boot Camp\\Main Course\\url shortner\\api\\statistics.js","statementMap":{"0":{"start":{"line":1,"column":16},"end":{"line":1,"column":34}},"1":{"start":{"line":2,"column":11},"end":{"line":2,"column":24}},"2":{"start":{"line":3,"column":15},"end":{"line":3,"column":31}},"3":{"start":{"line":5,"column":0},"end":{"line":7,"column":3}},"4":{"start":{"line":9,"column":0},"end":{"line":11,"column":3}},"5":{"start":{"line":13,"column":0},"end":{"line":13,"column":24}}},"fnMap":{"0":{"name":"(anonymous_0)","decl":{"start":{"line":5,"column":16},"end":{"line":5,"column":17}},"loc":{"start":{"line":5,"column":27},"end":{"line":7,"column":1}},"line":5},"1":{"name":"(anonymous_1)","decl":{"start":{"line":9,"column":28},"end":{"line":9,"column":29}},"loc":{"start":{"line":9,"column":39},"end":{"line":11,"column":1}},"line":9}},"branchMap":{},"s":{"0":1,"1":1,"2":1,"3":1,"4":1,"5":1},"f":{"0":0,"1":0},"b":{},"_coverageSchema":"1a1c01bbd47fc00a2c39e90264f33305004495a9","hash":"a5115f16f0b30e432a83956d0f712fe4f34bda0f"}
,"C:\\Users\\Inbar\\OneDrive\\Documents\\School\\Boot Camp\\Main Course\\url shortner\\classes\\dataBaseController.js": {"path":"C:\\Users\\Inbar\\OneDrive\\Documents\\School\\Boot Camp\\Main Course\\url shortner\\classes\\dataBaseController.js","statementMap":{"0":{"start":{"line":1,"column":19},"end":{"line":1,"column":41}},"1":{"start":{"line":2,"column":21},"end":{"line":2,"column":62}},"2":{"start":{"line":3,"column":26},"end":{"line":3,"column":68}},"3":{"start":{"line":11,"column":4},"end":{"line":11,"column":39}},"4":{"start":{"line":12,"column":4},"end":{"line":12,"column":55}},"5":{"start":{"line":13,"column":4},"end":{"line":13,"column":41}},"6":{"start":{"line":14,"column":4},"end":{"line":14,"column":29}},"7":{"start":{"line":18,"column":4},"end":{"line":20,"column":15}},"8":{"start":{"line":23,"column":4},"end":{"line":26,"column":6}},"9":{"start":{"line":29,"column":4},"end":{"line":29,"column":22}},"10":{"start":{"line":33,"column":4},"end":{"line":33,"column":41}},"11":{"start":{"line":37,"column":16},"end":{"line":37,"column":62}},"12":{"start":{"line":38,"column":4},"end":{"line":42,"column":5}},"13":{"start":{"line":39,"column":25},"end":{"line":39,"column":60}},"14":{"start":{"line":40,"column":6},"end":{"line":40,"column":36}},"15":{"start":{"line":41,"column":6},"end":{"line":41,"column":44}},"16":{"start":{"line":43,"column":4},"end":{"line":43,"column":17}},"17":{"start":{"line":47,"column":18},"end":{"line":47,"column":59}},"18":{"start":{"line":48,"column":4},"end":{"line":51,"column":5}},"19":{"start":{"line":49,"column":6},"end":{"line":49,"column":36}},"20":{"start":{"line":50,"column":6},"end":{"line":50,"column":18}},"21":{"start":{"line":52,"column":4},"end":{"line":52,"column":17}},"22":{"start":{"line":56,"column":16},"end":{"line":56,"column":67}},"23":{"start":{"line":57,"column":4},"end":{"line":58,"column":26}},"24":{"start":{"line":57,"column":20},"end":{"line":57,"column":47}},"25":{"start":{"line":58,"column":9},"end":{"line":58,"column":26}},"26":{"start":{"line":61,"column":4},"end":{"line":61,"column":24}},"27":{"start":{"line":65,"column":16},"end":{"line":65,"column":67}},"28":{"start":{"line":66,"column":4},"end":{"line":68,"column":5}},"29":{"start":{"line":67,"column":6},"end":{"line":67,"column":43}},"30":{"start":{"line":73,"column":2},"end":{"line":73,"column":71}},"31":{"start":{"line":73,"column":40},"end":{"line":73,"column":69}},"32":{"start":{"line":77,"column":2},"end":{"line":77,"column":76}},"33":{"start":{"line":77,"column":45},"end":{"line":77,"column":74}},"34":{"start":{"line":80,"column":0},"end":{"line":80,"column":36}}},"fnMap":{"0":{"name":"(anonymous_0)","decl":{"start":{"line":6,"column":2},"end":{"line":6,"column":3}},"loc":{"start":{"line":10,"column":4},"end":{"line":15,"column":3}},"line":10},"1":{"name":"(anonymous_1)","decl":{"start":{"line":17,"column":2},"end":{"line":17,"column":3}},"loc":{"start":{"line":17,"column":19},"end":{"line":21,"column":3}},"line":17},"2":{"name":"(anonymous_2)","decl":{"start":{"line":22,"column":2},"end":{"line":22,"column":3}},"loc":{"start":{"line":22,"column":21},"end":{"line":27,"column":3}},"line":22},"3":{"name":"(anonymous_3)","decl":{"start":{"line":28,"column":2},"end":{"line":28,"column":3}},"loc":{"start":{"line":28,"column":13},"end":{"line":30,"column":3}},"line":28},"4":{"name":"(anonymous_4)","decl":{"start":{"line":32,"column":2},"end":{"line":32,"column":3}},"loc":{"start":{"line":32,"column":13},"end":{"line":34,"column":3}},"line":32},"5":{"name":"(anonymous_5)","decl":{"start":{"line":36,"column":2},"end":{"line":36,"column":3}},"loc":{"start":{"line":36,"column":54},"end":{"line":44,"column":3}},"line":36},"6":{"name":"(anonymous_6)","decl":{"start":{"line":46,"column":2},"end":{"line":46,"column":3}},"loc":{"start":{"line":46,"column":57},"end":{"line":53,"column":3}},"line":46},"7":{"name":"(anonymous_7)","decl":{"start":{"line":55,"column":2},"end":{"line":55,"column":3}},"loc":{"start":{"line":55,"column":54},"end":{"line":59,"column":3}},"line":55},"8":{"name":"(anonymous_8)","decl":{"start":{"line":60,"column":2},"end":{"line":60,"column":3}},"loc":{"start":{"line":60,"column":19},"end":{"line":62,"column":3}},"line":60},"9":{"name":"(anonymous_9)","decl":{"start":{"line":64,"column":2},"end":{"line":64,"column":3}},"loc":{"start":{"line":64,"column":41},"end":{"line":69,"column":3}},"line":64},"10":{"name":"findElementByKey","decl":{"start":{"line":72,"column":9},"end":{"line":72,"column":25}},"loc":{"start":{"line":72,"column":45},"end":{"line":74,"column":1}},"line":72},"11":{"name":"(anonymous_11)","decl":{"start":{"line":73,"column":27},"end":{"line":73,"column":28}},"loc":{"start":{"line":73,"column":40},"end":{"line":73,"column":69}},"line":73},"12":{"name":"findElementIndexByKey","decl":{"start":{"line":76,"column":9},"end":{"line":76,"column":30}},"loc":{"start":{"line":76,"column":50},"end":{"line":78,"column":1}},"line":76},"13":{"name":"(anonymous_13)","decl":{"start":{"line":77,"column":32},"end":{"line":77,"column":33}},"loc":{"start":{"line":77,"column":45},"end":{"line":77,"column":74}},"line":77}},"branchMap":{"0":{"loc":{"start":{"line":7,"column":4},"end":{"line":7,"column":32}},"type":"default-arg","locations":[{"start":{"line":7,"column":20},"end":{"line":7,"column":32}}],"line":7},"1":{"loc":{"start":{"line":8,"column":4},"end":{"line":8,"column":45}},"type":"default-arg","locations":[{"start":{"line":8,"column":28},"end":{"line":8,"column":45}}],"line":8},"2":{"loc":{"start":{"line":9,"column":4},"end":{"line":9,"column":30}},"type":"default-arg","locations":[{"start":{"line":9,"column":21},"end":{"line":9,"column":30}}],"line":9},"3":{"loc":{"start":{"line":36,"column":27},"end":{"line":36,"column":52}},"type":"default-arg","locations":[{"start":{"line":36,"column":33},"end":{"line":36,"column":52}}],"line":36},"4":{"loc":{"start":{"line":38,"column":4},"end":{"line":42,"column":5}},"type":"if","locations":[{"start":{"line":38,"column":4},"end":{"line":42,"column":5}},{"start":{"line":38,"column":4},"end":{"line":42,"column":5}}],"line":38},"5":{"loc":{"start":{"line":46,"column":30},"end":{"line":46,"column":55}},"type":"default-arg","locations":[{"start":{"line":46,"column":36},"end":{"line":46,"column":55}}],"line":46},"6":{"loc":{"start":{"line":48,"column":4},"end":{"line":51,"column":5}},"type":"if","locations":[{"start":{"line":48,"column":4},"end":{"line":51,"column":5}},{"start":{"line":48,"column":4},"end":{"line":51,"column":5}}],"line":48},"7":{"loc":{"start":{"line":55,"column":27},"end":{"line":55,"column":52}},"type":"default-arg","locations":[{"start":{"line":55,"column":33},"end":{"line":55,"column":52}}],"line":55},"8":{"loc":{"start":{"line":57,"column":4},"end":{"line":58,"column":26}},"type":"if","locations":[{"start":{"line":57,"column":4},"end":{"line":58,"column":26}},{"start":{"line":57,"column":4},"end":{"line":58,"column":26}}],"line":57},"9":{"loc":{"start":{"line":64,"column":30},"end":{"line":64,"column":39}},"type":"default-arg","locations":[{"start":{"line":64,"column":38},"end":{"line":64,"column":39}}],"line":64},"10":{"loc":{"start":{"line":66,"column":4},"end":{"line":68,"column":5}},"type":"if","locations":[{"start":{"line":66,"column":4},"end":{"line":68,"column":5}},{"start":{"line":66,"column":4},"end":{"line":68,"column":5}}],"line":66}},"s":{"0":1,"1":1,"2":1,"3":0,"4":0,"5":0,"6":0,"7":0,"8":0,"9":0,"10":0,"11":0,"12":0,"13":0,"14":0,"15":0,"16":0,"17":0,"18":0,"19":0,"20":0,"21":0,"22":0,"23":0,"24":0,"25":0,"26":0,"27":0,"28":0,"29":0,"30":0,"31":0,"32":0,"33":0,"34":1},"f":{"0":0,"1":0,"2":0,"3":0,"4":0,"5":0,"6":0,"7":0,"8":0,"9":0,"10":0,"11":0,"12":0,"13":0},"b":{"0":[0],"1":[0],"2":[0],"3":[0],"4":[0,0],"5":[0],"6":[0,0],"7":[0],"8":[0,0],"9":[0],"10":[0,0]},"_coverageSchema":"1a1c01bbd47fc00a2c39e90264f33305004495a9","hash":"04d06682166736499f84d8be7332fec10c2fd839"}
}
