TN:
SF:app.js
FN:14,(anonymous_0)
FN:19,(anonymous_1)
FNF:2
FNH:1
FNDA:1,(anonymous_0)
FNDA:0,(anonymous_1)
DA:1,1
DA:2,1
DA:3,1
DA:5,1
DA:6,1
DA:7,1
DA:10,1
DA:11,1
DA:12,1
DA:14,1
DA:15,1
DA:16,1
DA:19,1
DA:20,0
DA:21,0
DA:28,1
DA:30,1
LF:17
LH:15
BRF:0
BRH:0
end_of_record
TN:
SF:index.js
FN:19,startUpAndListen
FN:23,(anonymous_1)
FNF:2
FNH:1
FNDA:2,startUpAndListen
FNDA:0,(anonymous_1)
DA:1,1
DA:2,1
DA:5,1
DA:9,1
DA:12,1
DA:13,1
DA:16,1
DA:20,2
DA:21,2
DA:22,2
DA:23,0
DA:24,0
DA:28,1
LF:13
LH:11
BRDA:2,0,0,1
BRDA:2,0,1,1
BRDA:9,1,0,1
BRDA:9,1,1,0
BRF:4
BRH:3
end_of_record
TN:
SF:utils.js
FN:1,dateToSQL
FN:2,(anonymous_1)
FN:17,validateUrl
FN:29,uploadDataToJson
FN:30,(anonymous_4)
FN:33,reportFound
FNF:6
FNH:1
FNDA:0,dateToSQL
FNDA:0,(anonymous_1)
FNDA:0,validateUrl
FNDA:0,uploadDataToJson
FNDA:0,(anonymous_4)
FNDA:1,reportFound
DA:2,0
DA:3,0
DA:6,0
DA:15,0
DA:18,0
DA:19,0
DA:20,0
DA:21,0
DA:22,0
DA:23,0
DA:25,0
DA:30,0
DA:34,1
DA:38,0
DA:39,0
DA:40,0
DA:41,0
DA:45,1
LF:18
LH:2
BRDA:19,0,0,0
BRDA:19,0,1,0
BRDA:20,1,0,0
BRDA:20,1,1,0
BRDA:38,2,0,0
BRDA:38,2,1,0
BRF:6
BRH:0
end_of_record
TN:
SF:api\index.js
FN:10,(anonymous_0)
FNF:1
FNH:0
FNDA:0,(anonymous_0)
DA:1,1
DA:2,1
DA:3,1
DA:5,1
DA:7,1
DA:8,1
DA:10,1
DA:11,0
DA:12,0
DA:13,0
DA:16,1
LF:11
LH:8
BRDA:11,0,0,0
BRDA:11,0,1,0
BRF:2
BRH:0
end_of_record
TN:
SF:api\shorturl.js
FN:19,(anonymous_0)
FN:28,(anonymous_1)
FN:39,(anonymous_2)
FN:57,addUrl
FNF:4
FNH:1
FNDA:1,(anonymous_0)
FNDA:0,(anonymous_1)
FNDA:0,(anonymous_2)
FNDA:0,addUrl
DA:2,1
DA:3,1
DA:4,1
DA:5,1
DA:6,1
DA:9,1
DA:12,1
DA:19,1
DA:20,1
DA:21,1
DA:22,1
DA:23,0
DA:24,0
DA:25,0
DA:28,1
DA:29,0
DA:30,0
DA:31,0
DA:32,0
DA:33,0
DA:34,0
DA:35,0
DA:39,1
DA:40,0
DA:41,0
DA:42,0
DA:43,0
DA:47,0
DA:48,0
DA:49,0
DA:50,0
DA:54,1
DA:58,0
DA:59,0
DA:62,0
DA:63,0
LF:36
LH:14
BRDA:58,0,0,0
BRDA:58,0,1,0
BRF:2
BRH:0
end_of_record
TN:
SF:api\statistics.js
FN:17,(anonymous_0)
FNF:1
FNH:0
FNDA:0,(anonymous_0)
DA:2,1
DA:3,1
DA:4,1
DA:7,1
DA:10,1
DA:17,1
DA:18,0
DA:19,0
DA:20,0
DA:21,0
DA:25,1
LF:11
LH:7
BRF:0
BRH:0
end_of_record
TN:
SF:classes\dataBaseController.js
FN:7,createDataBase
FN:17,(anonymous_1)
FN:24,(anonymous_2)
FN:29,(anonymous_3)
FN:35,(anonymous_4)
FN:39,(anonymous_5)
FN:43,(anonymous_6)
FN:52,(anonymous_7)
FN:61,(anonymous_8)
FN:66,(anonymous_9)
FN:70,(anonymous_10)
FN:78,findElementByKey
FN:79,(anonymous_12)
FN:82,findElementIndexByKey
FN:83,(anonymous_14)
FNF:15
FNH:5
FNDA:2,createDataBase
FNDA:2,(anonymous_1)
FNDA:2,(anonymous_2)
FNDA:0,(anonymous_3)
FNDA:0,(anonymous_4)
FNDA:0,(anonymous_5)
FNDA:0,(anonymous_6)
FNDA:0,(anonymous_7)
FNDA:1,(anonymous_8)
FNDA:0,(anonymous_9)
FNDA:0,(anonymous_10)
FNDA:0,findElementByKey
FNDA:0,(anonymous_12)
FNDA:1,findElementIndexByKey
FNDA:0,(anonymous_14)
DA:1,1
DA:3,1
DA:8,2
DA:18,2
DA:19,2
DA:20,2
DA:21,2
DA:25,2
DA:30,0
DA:36,0
DA:40,0
DA:44,0
DA:45,0
DA:46,0
DA:47,0
DA:48,0
DA:53,0
DA:54,0
DA:55,0
DA:56,0
DA:58,0
DA:62,1
DA:63,0
DA:64,0
DA:67,0
DA:71,0
DA:72,0
DA:73,0
DA:79,0
DA:83,1
LF:30
LH:10
BRDA:43,0,0,0
BRDA:45,1,0,0
BRDA:45,1,1,0
BRDA:52,2,0,0
BRDA:54,3,0,0
BRDA:54,3,1,0
BRDA:61,4,0,0
BRDA:63,5,0,0
BRDA:63,5,1,0
BRDA:70,6,0,0
BRDA:72,7,0,0
BRDA:72,7,1,0
BRF:12
BRH:0
end_of_record
TN:
SF:classes\urlDataTemplate.js
FN:5,(anonymous_0)
FNF:1
FNH:0
FNDA:0,(anonymous_0)
DA:1,1
DA:2,1
DA:6,0
DA:7,0
DA:8,0
DA:9,0
DA:13,1
LF:7
LH:3
BRF:0
BRH:0
end_of_record
